	Babylon.js Exporter version: 1.8.0, Blender version: 2.72 (sub 0)
========= Conversion from Blender to Babylon.js =========
	Python World class constructor completed
	processing begun of material:  school._10
	processing begun of material:  school._13
	processing begun of material:  school._14
	processing begun of material:  school._3
	processing begun of material:  school._4
	processing begun of material:  school._5
	processing begun of material:  school._6
	processing begun of material:  school._7
	processing begun of material:  school._9
	processing begun of material:  school._Bisque_
	processing begun of material:  school._Black_
	processing begun of material:  school._Blue_Glass_1
	processing begun of material:  school._Carpet_Forest_
	Diffuse texture found
	processing begun of material:  school._Carpet_Gray_
	Diffuse texture found
	processing begun of material:  school._Carpet_Pebble_
	Diffuse texture found
	processing begun of material:  school._Carpet_Reddish_
	Diffuse texture found
	processing begun of material:  school._Charcoal_
	processing begun of material:  school._Cornsilk_
	processing begun of material:  school._CorrogateShiny_2
	Diffuse texture found
	processing begun of material:  school._Dark_Brown_
	processing begun of material:  school._DarkSlateGray_
	processing begun of material:  school._Gainsboro_
	processing begun of material:  school._Grass_
	Diffuse texture found
	processing begun of material:  school._Gray3_
	processing begun of material:  school._Gray5_
	processing begun of material:  school._Indidan_Red_Glass_
	processing begun of material:  school._Ivory_
	processing begun of material:  school._Jade_
	processing begun of material:  school._LightGray_
	processing begun of material:  school._Orange_Glass_
	processing begun of material:  school._Red_Glass_
	processing begun of material:  school._SaddleBrown_1
	processing begun of material:  school._Snow_
	processing begun of material:  school._White_
	processing begun of material:  school._Wood_cherry_
	Diffuse texture found
	processing begun of material:  school.buddha
	Diffuse texture found
	processing begun of material:  school.digital_pinch_pot
	Diffuse texture found
	processing begun of material:  school.DSC00070
	Diffuse texture found
	processing begun of material:  school.FrontColor
	processing begun of material:  school.gore_cam
	Diffuse texture found
	processing begun of material:  school.images
	Diffuse texture found
	processing begun of material:  school.IMG_2432
	Diffuse texture found
	processing begun of material:  school.keyboard
	Diffuse texture found
	processing begun of material:  school.keyboard_laptop
	Diffuse texture found
	processing begun of material:  school.nara
	Diffuse texture found
	processing begun of material:  school.nara_bell
	Diffuse texture found
	processing begun of material:  school.nh_house
	Diffuse texture found
	processing begun of material:  school.Scan
	Diffuse texture found
	processing begun of material:  school.screen
	Diffuse texture found
	processing begun of material:  school.tali
	Diffuse texture found
	processing begun of mesh:  walls collisions
		processing begun of multimaterial:  school.Multimaterial#0
		num positions      :  734
		num normals        :  734
		num uvs            :  1468
		num uvs2           :  0
		num colors         :  0
		num indices        :  2115
	processing begun of mesh:  Circle
		num positions      :  79
		num normals        :  79
		num uvs            :  158
		num uvs2           :  0
		num colors         :  0
		num indices        :  90
	processing begun of camera (FreeCamera):  Camera
	processing begun of mesh:  Mesh26 Group16 Deskset_Work_Station1 Model
		num positions      :  72
		num normals        :  72
		num uvs            :  144
		num uvs2           :  0
		num colors         :  0
		num indices        :  84
	processing begun of mesh:  Mesh57 bottom2 Computer_Laptop_Silver1 Model
		processing begun of multimaterial:  school.Multimaterial#1
		num positions      :  106
		num normals        :  106
		num uvs            :  212
		num uvs2           :  0
		num colors         :  0
		num indices        :  144
	processing begun of mesh:  Mesh49 bar2_3 Desk_School1 Model
		num positions      :  8
		num normals        :  8
		num uvs            :  16
		num uvs2           :  0
		num colors         :  0
		num indices        :  18
	processing begun of mesh:  Mesh139 Legs_1_5 chair_2_3 TableSet_4_Chairs1 Model
		num positions      :  75
		num normals        :  75
		num uvs            :  150
		num uvs2           :  0
		num colors         :  0
		num indices        :  84
	processing begun of mesh:  Mesh58 top1 Computer_Laptop_Silver1 Model
		processing begun of multimaterial:  school.Multimaterial#2
		num positions      :  101
		num normals        :  101
		num uvs            :  202
		num uvs2           :  0
		num colors         :  0
		num indices        :  114
	processing begun of mesh:  Mesh185 Legs_1_16 chair_2_8 TableSet_4_Chairs2 Model
		num positions      :  286
		num normals        :  286
		num uvs            :  572
		num uvs2           :  0
		num colors         :  0
		num indices        :  324
	processing begun of mesh:  Mesh8 Group6 Model
		num positions      :  246
		num normals        :  246
		num uvs            :  492
		num uvs2           :  0
		num colors         :  0
		num indices        :  276
	processing begun of mesh:  Mesh24 Group16 Deskset_Work_Station1 Model
		num positions      :  252
		num normals        :  252
		num uvs            :  504
		num uvs2           :  0
		num colors         :  0
		num indices        :  276
	processing begun of mesh:  Mesh133 Legs_1_3 chair_2_2 TableSet_4_Chairs1 Model
		num positions      :  382
		num normals        :  382
		num uvs            :  764
		num uvs2           :  0
		num colors         :  0
		num indices        :  432
	processing begun of mesh:  Mesh36 surfaces1 Desk_School1 Model
		num positions      :  86
		num normals        :  86
		num uvs            :  172
		num uvs2           :  0
		num colors         :  0
		num indices        :  102
	processing begun of mesh:  Mesh166 Legs_1_11 chair_2_6 TableSet_4_Chairs2 Model
		num positions      :  75
		num normals        :  75
		num uvs            :  150
		num uvs2           :  0
		num colors         :  0
		num indices        :  84
	processing begun of mesh:  Mesh142 Legs_1_6 chair_2_3 TableSet_4_Chairs1 Model
		num positions      :  72
		num normals        :  72
		num uvs            :  144
		num uvs2           :  0
		num colors         :  0
		num indices        :  84
	processing begun of mesh:  Mesh85 Group17 Deskset_Work_Station2 Model
		num positions      :  252
		num normals        :  252
		num uvs            :  504
		num uvs2           :  0
		num colors         :  0
		num indices        :  276
	processing begun of mesh:  Mesh221 Model
		num positions      :  4
		num normals        :  4
		num uvs            :  8
		num uvs2           :  0
		num colors         :  0
		num indices        :  6
	processing begun of mesh:  Mesh15 Group13 Model
		num positions      :  1274
		num normals        :  1274
		num uvs            :  2548
		num uvs2           :  0
		num colors         :  0
		num indices        :  1536
	processing begun of mesh:  Mesh23 Group16 Deskset_Work_Station1 Model
		num positions      :  250
		num normals        :  250
		num uvs            :  500
		num uvs2           :  0
		num colors         :  0
		num indices        :  276
	processing begun of mesh:  Mesh12 Group10 Model
		num positions      :  107
		num normals        :  107
		num uvs            :  214
		num uvs2           :  0
		num colors         :  0
		num indices        :  132
	processing begun of mesh:  Mesh144 Legs_1_6 chair_2_3 TableSet_4_Chairs1 Model
		num positions      :  283
		num normals        :  283
		num uvs            :  566
		num uvs2           :  0
		num colors         :  0
		num indices        :  324
	processing begun of mesh:  Mesh41 bar1 Desk_School1 Model
		num positions      :  4
		num normals        :  4
		num uvs            :  8
		num uvs2           :  0
		num colors         :  0
		num indices        :  6
	processing begun of mesh:  Mesh156 block_1_8 table_36inx36in2 TableSet_4_Chairs2 Model
		num positions      :  37
		num normals        :  37
		num uvs            :  74
		num uvs2           :  0
		num colors         :  0
		num indices        :  48
	processing begun of mesh:  Mesh102 half5 Deskset_Work_Station3 Model
		num positions      :  199
		num normals        :  199
		num uvs            :  398
		num uvs2           :  0
		num colors         :  0
		num indices        :  243
	processing begun of mesh:  Mesh2 Group2 Model
		num positions      :  5
		num normals        :  5
		num uvs            :  10
		num uvs2           :  0
		num colors         :  0
		num indices        :  9
	processing begun of mesh:  Mesh206 G_6_12_step_1_9 Stair_Split_3__Open_Tread_6_12_1 Model
		num positions      :  49
		num normals        :  49
		num uvs            :  98
		num uvs2           :  0
		num colors         :  0
		num indices        :  60
	processing begun of mesh:  Mesh163 Legs_1_10 chair_2_5 TableSet_4_Chairs2 Model
		num positions      :  378
		num normals        :  378
		num uvs            :  756
		num uvs2           :  0
		num colors         :  0
		num indices        :  432
	processing begun of mesh:  Mesh183 Legs_1_16 chair_2_8 TableSet_4_Chairs2 Model
		num positions      :  72
		num normals        :  72
		num uvs            :  144
		num uvs2           :  0
		num colors         :  0
		num indices        :  84
	processing begun of mesh:  Mesh184 Legs_1_16 chair_2_8 TableSet_4_Chairs2 Model
		num positions      :  376
		num normals        :  376
		num uvs            :  752
		num uvs2           :  0
		num colors         :  0
		num indices        :  432
	processing begun of mesh:  Mesh155 block_1_7 table_36inx36in2 TableSet_4_Chairs2 Model
		num positions      :  37
		num normals        :  37
		num uvs            :  74
		num uvs2           :  0
		num colors         :  0
		num indices        :  48
	processing begun of mesh:  Mesh159 Legs_1_9 chair_2_5 TableSet_4_Chairs2 Model
		num positions      :  75
		num normals        :  75
		num uvs            :  150
		num uvs2           :  0
		num colors         :  0
		num indices        :  84
	processing begun of mesh:  Mesh19 table_half1 Desk_Computer_30x36x27_1 Model
		processing begun of multimaterial:  school.Multimaterial#3
		num positions      :  237
		num normals        :  237
		num uvs            :  474
		num uvs2           :  0
		num colors         :  0
		num indices        :  303
	processing begun of mesh:  Mesh101 Group18 Deskset_Work_Station3 Model
		num positions      :  251
		num normals        :  251
		num uvs            :  502
		num uvs2           :  0
		num colors         :  0
		num indices        :  276
	processing begun of mesh:  Mesh69 knob3 half_2_2 Chest_Tea1 Model
		num positions      :  29
		num normals        :  29
		num uvs            :  58
		num uvs2           :  0
		num colors         :  0
		num indices        :  36
	processing begun of mesh:  Mesh152 chair_2_4 TableSet_4_Chairs1 Model
		num positions      :  163
		num normals        :  163
		num uvs            :  326
		num uvs2           :  0
		num colors         :  0
		num indices        :  180
	processing begun of mesh:  Mesh127 Legs_1_1 chair_2_1 TableSet_4_Chairs1 Model
		num positions      :  285
		num normals        :  285
		num uvs            :  570
		num uvs2           :  0
		num colors         :  0
		num indices        :  324
	processing begun of mesh:  Mesh51 legs2 Desk_School1 Model
		num positions      :  97
		num normals        :  97
		num uvs            :  194
		num uvs2           :  0
		num colors         :  0
		num indices        :  138
	processing begun of mesh:  Mesh96 Group18 Deskset_Work_Station3 Model
		num positions      :  252
		num normals        :  252
		num uvs            :  504
		num uvs2           :  0
		num colors         :  0
		num indices        :  276
	processing begun of mesh:  Mesh189 plasma_3_1 Model
		processing begun of multimaterial:  school.Multimaterial#4
		num positions      :  60
		num normals        :  60
		num uvs            :  120
		num uvs2           :  0
		num colors         :  0
		num indices        :  78
	processing begun of mesh:  Mesh180 Legs_1_15 chair_2_8 TableSet_4_Chairs2 Model
		num positions      :  75
		num normals        :  75
		num uvs            :  150
		num uvs2           :  0
		num colors         :  0
		num indices        :  84
	processing begun of mesh:  Mesh176 Legs_1_14 chair_2_7 TableSet_4_Chairs2 Model
		num positions      :  72
		num normals        :  72
		num uvs            :  144
		num uvs2           :  0
		num colors         :  0
		num indices        :  84
	processing begun of mesh:  Mesh120 block_1_2 table_36inx36in1 TableSet_4_Chairs1 Model
		num positions      :  37
		num normals        :  37
		num uvs            :  74
		num uvs2           :  0
		num colors         :  0
		num indices        :  48
	processing begun of mesh:  Mesh116 quarter3 Table_End1 Model
		num positions      :  30
		num normals        :  30
		num uvs            :  60
		num uvs2           :  0
		num colors         :  0
		num indices        :  36
	processing begun of mesh:  Mesh169 Legs_1_12 chair_2_6 TableSet_4_Chairs2 Model
		num positions      :  72
		num normals        :  72
		num uvs            :  144
		num uvs2           :  0
		num colors         :  0
		num indices        :  84
	processing begun of mesh:  Mesh80 table_quarter_1_4 Table_Office_Racetrack_83in1 Model
		num positions      :  128
		num normals        :  128
		num uvs            :  256
		num uvs2           :  0
		num colors         :  0
		num indices        :  150
	processing begun of mesh:  Mesh32 Deskset_Work_Station1 Model
		num positions      :  157
		num normals        :  157
		num uvs            :  314
		num uvs2           :  0
		num colors         :  0
		num indices        :  192
	processing begun of mesh:  Mesh161 Legs_1_9 chair_2_5 TableSet_4_Chairs2 Model
		num positions      :  283
		num normals        :  283
		num uvs            :  566
		num uvs2           :  0
		num colors         :  0
		num indices        :  324
	processing begun of mesh:  Mesh177 Legs_1_14 chair_2_7 TableSet_4_Chairs2 Model
		num positions      :  380
		num normals        :  380
		num uvs            :  760
		num uvs2           :  0
		num colors         :  0
		num indices        :  432
	processing begun of mesh:  Mesh54 table_half5 Desk_Computer_30x36x27_3 Model
		processing begun of multimaterial:  school.Multimaterial#5
		num positions      :  240
		num normals        :  240
		num uvs            :  480
		num uvs2           :  0
		num colors         :  0
		num indices        :  303
	processing begun of mesh:  Mesh220 Model
		num positions      :  34
		num normals        :  34
		num uvs            :  68
		num uvs2           :  0
		num colors         :  0
		num indices        :  96
	processing begun of mesh:  Mesh10 Group8 Model
		processing begun of multimaterial:  school.Multimaterial#6
		num positions      :  2928
		num normals        :  2928
		num uvs            :  5856
		num uvs2           :  0
		num colors         :  0
		num indices        :  7284
	processing begun of mesh:  Mesh205 G_6_12_step_1_8 Stair_Split_3__Open_Tread_6_12_1 Model
		num positions      :  49
		num normals        :  49
		num uvs            :  98
		num uvs2           :  0
		num colors         :  0
		num indices        :  60
	processing begun of mesh:  Mesh45 bar5 Desk_School1 Model
		num positions      :  4
		num normals        :  4
		num uvs            :  8
		num uvs2           :  0
		num colors         :  0
		num indices        :  6
	processing begun of mesh:  Mesh165 chair_2_5 TableSet_4_Chairs2 Model
		num positions      :  163
		num normals        :  163
		num uvs            :  326
		num uvs2           :  0
		num colors         :  0
		num indices        :  180
	processing begun of mesh:  Mesh148 Legs_1_7 chair_2_4 TableSet_4_Chairs1 Model
		num positions      :  283
		num normals        :  283
		num uvs            :  566
		num uvs2           :  0
		num colors         :  0
		num indices        :  324
	processing begun of mesh:  Mesh117 quarter4 Table_End1 Model
		num positions      :  19
		num normals        :  19
		num uvs            :  38
		num uvs2           :  0
		num colors         :  0
		num indices        :  24
	processing begun of mesh:  Mesh6 Group4 Model
		num positions      :  99
		num normals        :  99
		num uvs            :  198
		num uvs2           :  0
		num colors         :  0
		num indices        :  138
	processing begun of mesh:  Mesh43 bar3 Desk_School1 Model
		num positions      :  4
		num normals        :  4
		num uvs            :  8
		num uvs2           :  0
		num colors         :  0
		num indices        :  6
	processing begun of mesh:  Mesh1 Group1 Model
		num positions      :  31
		num normals        :  31
		num uvs            :  62
		num uvs2           :  0
		num colors         :  0
		num indices        :  36
	processing begun of mesh:  Mesh197 Chair_Arm_Rectangular6 Model
		num positions      :  219
		num normals        :  219
		num uvs            :  438
		num uvs2           :  0
		num colors         :  0
		num indices        :  264
	processing begun of mesh:  Mesh30 half2_1 Deskset_Work_Station1 Model
		num positions      :  307
		num normals        :  307
		num uvs            :  614
		num uvs2           :  0
		num colors         :  0
		num indices        :  363
	processing begun of mesh:  Mesh22 Group16 Deskset_Work_Station1 Model
		num positions      :  250
		num normals        :  250
		num uvs            :  500
		num uvs2           :  0
		num colors         :  0
		num indices        :  276
	processing begun of mesh:  Mesh52 table_half3 Desk_Computer_30x36x27_2 Model
		processing begun of multimaterial:  school.Multimaterial#7
		num positions      :  238
		num normals        :  238
		num uvs            :  476
		num uvs2           :  0
		num colors         :  0
		num indices        :  303
	processing begun of mesh:  Mesh44 bar4 Desk_School1 Model
		num positions      :  4
		num normals        :  4
		num uvs            :  8
		num uvs2           :  0
		num colors         :  0
		num indices        :  6
	processing begun of mesh:  Mesh199 G_6_12_step_1_2 Stair_Split_3__Open_Tread_6_12_1 Model
		num positions      :  49
		num normals        :  49
		num uvs            :  98
		num uvs2           :  0
		num colors         :  0
		num indices        :  60
	processing begun of mesh:  Mesh173 Legs_1_13 chair_2_7 TableSet_4_Chairs2 Model
		num positions      :  75
		num normals        :  75
		num uvs            :  150
		num uvs2           :  0
		num colors         :  0
		num indices        :  84
	processing begun of mesh:  Mesh40 back2 Desk_School1 Model
		num positions      :  39
		num normals        :  39
		num uvs            :  78
		num uvs2           :  0
		num colors         :  0
		num indices        :  42
	processing begun of mesh:  Mesh157 table_36inx36in2 TableSet_4_Chairs2 Model
		num positions      :  94
		num normals        :  94
		num uvs            :  188
		num uvs2           :  0
		num colors         :  0
		num indices        :  126
	processing begun of mesh:  Mesh83 Group17 Deskset_Work_Station2 Model
		num positions      :  249
		num normals        :  249
		num uvs            :  498
		num uvs2           :  0
		num colors         :  0
		num indices        :  276
	processing begun of mesh:  Mesh212 G_6_12_step_1_15 Stair_Split_3__Open_Tread_6_12_1 Model
		num positions      :  49
		num normals        :  49
		num uvs            :  98
		num uvs2           :  0
		num colors         :  0
		num indices        :  60
	processing begun of mesh:  Mesh77 table_quarter_1_1 Table_Office_Racetrack_83in1 Model
		num positions      :  125
		num normals        :  125
		num uvs            :  250
		num uvs2           :  0
		num colors         :  0
		num indices        :  150
	processing begun of mesh:  Mesh210 G_6_12_step_1_13 Stair_Split_3__Open_Tread_6_12_1 Model
		num positions      :  49
		num normals        :  49
		num uvs            :  98
		num uvs2           :  0
		num colors         :  0
		num indices        :  60
	processing begun of mesh:  Mesh128 Legs_1_2 chair_2_1 TableSet_4_Chairs1 Model
		num positions      :  72
		num normals        :  72
		num uvs            :  144
		num uvs2           :  0
		num colors         :  0
		num indices        :  84
	processing begun of mesh:  Mesh97 Group18 Deskset_Work_Station3 Model
		num positions      :  252
		num normals        :  252
		num uvs            :  504
		num uvs2           :  0
		num colors         :  0
		num indices        :  276
	processing begun of mesh:  Mesh113 quarter2 Table_End1 Model
		num positions      :  21
		num normals        :  21
		num uvs            :  42
		num uvs2           :  0
		num colors         :  0
		num indices        :  24
	processing begun of mesh:  Mesh123 table_36inx36in1 TableSet_4_Chairs1 Model
		num positions      :  94
		num normals        :  94
		num uvs            :  188
		num uvs2           :  0
		num colors         :  0
		num indices        :  126
	processing begun of mesh:  Mesh108 plasma1 Model
		num positions      :  4
		num normals        :  4
		num uvs            :  8
		num uvs2           :  0
		num colors         :  0
		num indices        :  6
	processing begun of mesh:  Mesh7 Group5 Model
		num positions      :  265
		num normals        :  265
		num uvs            :  530
		num uvs2           :  0
		num colors         :  0
		num indices        :  300
	processing begun of mesh:  Mesh129 Legs_1_2 chair_2_1 TableSet_4_Chairs1 Model
		num positions      :  375
		num normals        :  375
		num uvs            :  750
		num uvs2           :  0
		num colors         :  0
		num indices        :  432
	processing begun of mesh:  Mesh151 Legs_1_8 chair_2_4 TableSet_4_Chairs1 Model
		num positions      :  286
		num normals        :  286
		num uvs            :  572
		num uvs2           :  0
		num colors         :  0
		num indices        :  324
	processing begun of mesh:  Mesh188 plasma_4_1 Model
		num positions      :  4
		num normals        :  4
		num uvs            :  8
		num uvs2           :  0
		num colors         :  0
		num indices        :  6
	processing begun of mesh:  Mesh207 G_6_12_step_1_10 Stair_Split_3__Open_Tread_6_12_1 Model
		num positions      :  49
		num normals        :  49
		num uvs            :  98
		num uvs2           :  0
		num colors         :  0
		num indices        :  60
	processing begun of mesh:  Mesh191 plasma_5_1 Model
		processing begun of multimaterial:  school.Multimaterial#8
		num positions      :  60
		num normals        :  60
		num uvs            :  120
		num uvs2           :  0
		num colors         :  0
		num indices        :  78
	processing begun of mesh:  Mesh81 plasma_1_1 Model
		processing begun of multimaterial:  school.Multimaterial#9
		num positions      :  60
		num normals        :  60
		num uvs            :  120
		num uvs2           :  0
		num colors         :  0
		num indices        :  78
	processing begun of mesh:  Mesh230 Model
		num positions      :  4
		num normals        :  4
		num uvs            :  8
		num uvs2           :  0
		num colors         :  0
		num indices        :  6
	processing begun of mesh:  Mesh204 G_6_12_step_1_7 Stair_Split_3__Open_Tread_6_12_1 Model
		num positions      :  49
		num normals        :  49
		num uvs            :  98
		num uvs2           :  0
		num colors         :  0
		num indices        :  60
	processing begun of mesh:  Mesh90 half3 Deskset_Work_Station2 Model
		num positions      :  195
		num normals        :  195
		num uvs            :  390
		num uvs2           :  0
		num colors         :  0
		num indices        :  243
	processing begun of mesh:  Mesh60 Computer_Laptop_Silver1 Model
		num positions      :  4
		num normals        :  4
		num uvs            :  8
		num uvs2           :  0
		num colors         :  0
		num indices        :  6
	processing begun of mesh:  Mesh219 Stair_Split_3__Open_Tread_6_12_1 Model
		num positions      :  159
		num normals        :  159
		num uvs            :  318
		num uvs2           :  0
		num colors         :  0
		num indices        :  180
	processing begun of mesh:  Mesh103 half6 Deskset_Work_Station3 Model
		num positions      :  192
		num normals        :  192
		num uvs            :  384
		num uvs2           :  0
		num colors         :  0
		num indices        :  243
	processing begun of mesh:  Mesh147 Legs_1_7 chair_2_4 TableSet_4_Chairs1 Model
		num positions      :  385
		num normals        :  385
		num uvs            :  770
		num uvs2           :  0
		num colors         :  0
		num indices        :  432
	processing begun of mesh:  Mesh61 plasma_2_1 Model
		processing begun of multimaterial:  school.Multimaterial#10
		num positions      :  60
		num normals        :  60
		num uvs            :  120
		num uvs2           :  0
		num colors         :  0
		num indices        :  78
	processing begun of mesh:  Mesh86 Group17 Deskset_Work_Station2 Model
		num positions      :  251
		num normals        :  251
		num uvs            :  502
		num uvs2           :  0
		num colors         :  0
		num indices        :  276
	processing begun of mesh:  Mesh38 surfaces3 Desk_School1 Model
		num positions      :  89
		num normals        :  89
		num uvs            :  178
		num uvs2           :  0
		num colors         :  0
		num indices        :  102
	processing begun of mesh:  Mesh71 half_2_2 Chest_Tea1 Model
		num positions      :  583
		num normals        :  583
		num uvs            :  1166
		num uvs2           :  0
		num colors         :  0
		num indices        :  774
		WARNING: # of 0 area faces found:  1
	processing begun of mesh:  Mesh89 Group17 Deskset_Work_Station2 Model
		num positions      :  252
		num normals        :  252
		num uvs            :  504
		num uvs2           :  0
		num colors         :  0
		num indices        :  276
	processing begun of mesh:  Mesh92 half2_3 Deskset_Work_Station2 Model
		num positions      :  303
		num normals        :  303
		num uvs            :  606
		num uvs2           :  0
		num colors         :  0
		num indices        :  363
	processing begun of mesh:  Mesh84 Group17 Deskset_Work_Station2 Model
		num positions      :  251
		num normals        :  251
		num uvs            :  502
		num uvs2           :  0
		num colors         :  0
		num indices        :  276
	processing begun of mesh:  Mesh56 bottom1 Computer_Laptop_Silver1 Model
		processing begun of multimaterial:  school.Multimaterial#11
		num positions      :  104
		num normals        :  104
		num uvs            :  208
		num uvs2           :  0
		num colors         :  0
		num indices        :  144
	processing begun of mesh:  Mesh145 chair_2_3 TableSet_4_Chairs1 Model
		num positions      :  163
		num normals        :  163
		num uvs            :  326
		num uvs2           :  0
		num colors         :  0
		num indices        :  180
	processing begun of mesh:  Mesh136 Legs_1_4 chair_2_2 TableSet_4_Chairs1 Model
		num positions      :  376
		num normals        :  376
		num uvs            :  752
		num uvs2           :  0
		num colors         :  0
		num indices        :  432
	processing begun of mesh:  Mesh20 table_half2 Desk_Computer_30x36x27_1 Model
		processing begun of multimaterial:  school.Multimaterial#12
		num positions      :  233
		num normals        :  233
		num uvs            :  466
		num uvs2           :  0
		num colors         :  0
		num indices        :  303
	processing begun of mesh:  Mesh186 chair_2_8 TableSet_4_Chairs2 Model
		num positions      :  163
		num normals        :  163
		num uvs            :  326
		num uvs2           :  0
		num colors         :  0
		num indices        :  180
	processing begun of mesh:  Mesh67 knob2 half_2_1 Chest_Tea1 Model
		num positions      :  31
		num normals        :  31
		num uvs            :  62
		num uvs2           :  0
		num colors         :  0
		num indices        :  36
	processing begun of mesh:  Mesh48 bar2_2 Desk_School1 Model
		num positions      :  8
		num normals        :  8
		num uvs            :  16
		num uvs2           :  0
		num colors         :  0
		num indices        :  18
	processing begun of mesh:  Mesh167 Legs_1_11 chair_2_6 TableSet_4_Chairs2 Model
		num positions      :  381
		num normals        :  381
		num uvs            :  762
		num uvs2           :  0
		num colors         :  0
		num indices        :  432
	processing begun of mesh:  Mesh223 Model
		num positions      :  3
		num normals        :  3
		num uvs            :  6
		num uvs2           :  0
		num colors         :  0
		num indices        :  3
	processing begun of mesh:  Mesh93 half2_4 Deskset_Work_Station2 Model
		num positions      :  302
		num normals        :  302
		num uvs            :  604
		num uvs2           :  0
		num colors         :  0
		num indices        :  363
	processing begun of mesh:  Mesh73 half_3_1 Monitor Computer_Desktop_iMac1 Model
		num positions      :  87
		num normals        :  87
		num uvs            :  174
		num uvs2           :  0
		num colors         :  0
		num indices        :  102
	processing begun of mesh:  Mesh213 G_6_12_step_1_16 Stair_Split_3__Open_Tread_6_12_1 Model
		num positions      :  49
		num normals        :  49
		num uvs            :  98
		num uvs2           :  0
		num colors         :  0
		num indices        :  60
	processing begun of mesh:  Mesh29 half2 Deskset_Work_Station1 Model
		num positions      :  200
		num normals        :  200
		num uvs            :  400
		num uvs2           :  0
		num colors         :  0
		num indices        :  243
	processing begun of mesh:  Mesh158 table_36inx36in2 TableSet_4_Chairs2 Model
		num positions      :  255
		num normals        :  255
		num uvs            :  510
		num uvs2           :  0
		num colors         :  0
		num indices        :  324
	processing begun of mesh:  Mesh99 Group18 Deskset_Work_Station3 Model
		num positions      :  405
		num normals        :  405
		num uvs            :  810
		num uvs2           :  0
		num colors         :  0
		num indices        :  507
	processing begun of mesh:  Mesh140 Legs_1_5 chair_2_3 TableSet_4_Chairs1 Model
		num positions      :  386
		num normals        :  386
		num uvs            :  772
		num uvs2           :  0
		num colors         :  0
		num indices        :  432
	processing begun of mesh:  Mesh31 half2_2 Deskset_Work_Station1 Model
		num positions      :  299
		num normals        :  299
		num uvs            :  598
		num uvs2           :  0
		num colors         :  0
		num indices        :  363
	processing begun of mesh:  Mesh119 block_1_1 table_36inx36in1 TableSet_4_Chairs1 Model
		num positions      :  37
		num normals        :  37
		num uvs            :  74
		num uvs2           :  0
		num colors         :  0
		num indices        :  48
	processing begun of mesh:  Mesh202 G_6_12_step_1_5 Stair_Split_3__Open_Tread_6_12_1 Model
		num positions      :  49
		num normals        :  49
		num uvs            :  98
		num uvs2           :  0
		num colors         :  0
		num indices        :  60
	processing begun of mesh:  Mesh132 Legs_1_3 chair_2_2 TableSet_4_Chairs1 Model
		num positions      :  75
		num normals        :  75
		num uvs            :  150
		num uvs2           :  0
		num colors         :  0
		num indices        :  84
	processing begun of mesh:  Mesh18 round_seat1 Model
		num positions      :  486
		num normals        :  486
		num uvs            :  972
		num uvs2           :  0
		num colors         :  0
		num indices        :  564
	processing begun of mesh:  Mesh9 Group7 Model
		num positions      :  306
		num normals        :  306
		num uvs            :  612
		num uvs2           :  0
		num colors         :  0
		num indices        :  336
	processing begun of mesh:  Mesh11 Group9 Model
		num positions      :  248
		num normals        :  248
		num uvs            :  496
		num uvs2           :  0
		num colors         :  0
		num indices        :  300
	processing begun of mesh:  Mesh211 G_6_12_step_1_14 Stair_Split_3__Open_Tread_6_12_1 Model
		num positions      :  49
		num normals        :  49
		num uvs            :  98
		num uvs2           :  0
		num colors         :  0
		num indices        :  60
	processing begun of mesh:  Mesh46 bar6 Desk_School1 Model
		num positions      :  4
		num normals        :  4
		num uvs            :  8
		num uvs2           :  0
		num colors         :  0
		num indices        :  6
	processing begun of mesh:  Mesh110 Light_Desk_Traditional_Simple1 Table_End1 Model
		num positions      :  104
		num normals        :  104
		num uvs            :  208
		num uvs2           :  0
		num colors         :  0
		num indices        :  132
	processing begun of mesh:  Mesh59 top2 Computer_Laptop_Silver1 Model
		processing begun of multimaterial:  school.Multimaterial#13
		num positions      :  99
		num normals        :  99
		num uvs            :  198
		num uvs2           :  0
		num colors         :  0
		num indices        :  114
	processing begun of mesh:  Mesh87 Group17 Deskset_Work_Station2 Model
		num positions      :  400
		num normals        :  400
		num uvs            :  800
		num uvs2           :  0
		num colors         :  0
		num indices        :  507
	processing begun of mesh:  Mesh194 Chair_Arm_Rectangular4 Model
		num positions      :  216
		num normals        :  216
		num uvs            :  432
		num uvs2           :  0
		num colors         :  0
		num indices        :  264
	processing begun of mesh:  Mesh53 table_half4 Desk_Computer_30x36x27_2 Model
		processing begun of multimaterial:  school.Multimaterial#14
		num positions      :  235
		num normals        :  235
		num uvs            :  470
		num uvs2           :  0
		num colors         :  0
		num indices        :  303
	processing begun of mesh:  Mesh143 Legs_1_6 chair_2_3 TableSet_4_Chairs1 Model
		num positions      :  376
		num normals        :  376
		num uvs            :  752
		num uvs2           :  0
		num colors         :  0
		num indices        :  432
	processing begun of mesh:  Mesh62 plasma_2_1 Model
		num positions      :  4
		num normals        :  4
		num uvs            :  8
		num uvs2           :  0
		num colors         :  0
		num indices        :  6
	processing begun of mesh:  Mesh70 knob4 half_2_2 Chest_Tea1 Model
		num positions      :  29
		num normals        :  29
		num uvs            :  58
		num uvs2           :  0
		num colors         :  0
		num indices        :  36
	processing begun of mesh:  Mesh91 half4 Deskset_Work_Station2 Model
		num positions      :  196
		num normals        :  196
		num uvs            :  392
		num uvs2           :  0
		num colors         :  0
		num indices        :  243
	processing begun of mesh:  Mesh34 legs1 Desk_School1 Model
		num positions      :  97
		num normals        :  97
		num uvs            :  194
		num uvs2           :  0
		num colors         :  0
		num indices        :  138
	processing begun of mesh:  Mesh162 Legs_1_10 chair_2_5 TableSet_4_Chairs2 Model
		num positions      :  72
		num normals        :  72
		num uvs            :  144
		num uvs2           :  0
		num colors         :  0
		num indices        :  84
	processing begun of mesh:  Mesh164 Legs_1_10 chair_2_5 TableSet_4_Chairs2 Model
		num positions      :  285
		num normals        :  285
		num uvs            :  570
		num uvs2           :  0
		num colors         :  0
		num indices        :  324
	processing begun of mesh:  Mesh95 Group18 Deskset_Work_Station3 Model
		num positions      :  249
		num normals        :  249
		num uvs            :  498
		num uvs2           :  0
		num colors         :  0
		num indices        :  276
	processing begun of mesh:  Mesh114 quarter2 Table_End1 Model
		num positions      :  30
		num normals        :  30
		num uvs            :  60
		num uvs2           :  0
		num colors         :  0
		num indices        :  36
	processing begun of mesh:  Mesh112 quarter1 Table_End1 Model
		num positions      :  32
		num normals        :  32
		num uvs            :  64
		num uvs2           :  0
		num colors         :  0
		num indices        :  36
	processing begun of mesh:  Mesh16 Group14 Model
		processing begun of multimaterial:  school.Multimaterial#15
		num positions      :  11502
		num normals        :  11502
		num uvs            :  23004
		num uvs2           :  0
		num colors         :  0
		num indices        :  12996
	processing begun of mesh:  Mesh217 G_6_12_step_1_20 Stair_Split_3__Open_Tread_6_12_1 Model
		num positions      :  49
		num normals        :  49
		num uvs            :  98
		num uvs2           :  0
		num colors         :  0
		num indices        :  60
	processing begun of mesh:  Mesh21 Group16 Deskset_Work_Station1 Model
		num positions      :  247
		num normals        :  247
		num uvs            :  494
		num uvs2           :  0
		num colors         :  0
		num indices        :  276
	processing begun of mesh:  Mesh231 Model
		num positions      :  4
		num normals        :  4
		num uvs            :  8
		num uvs2           :  0
		num colors         :  0
		num indices        :  6
	processing begun of mesh:  Mesh27 Group16 Deskset_Work_Station1 Model
		num positions      :  251
		num normals        :  251
		num uvs            :  502
		num uvs2           :  0
		num colors         :  0
		num indices        :  276
	processing begun of mesh:  Mesh198 G_6_12_step_1_1 Stair_Split_3__Open_Tread_6_12_1 Model
		num positions      :  49
		num normals        :  49
		num uvs            :  98
		num uvs2           :  0
		num colors         :  0
		num indices        :  60
	processing begun of mesh:  Mesh55 table_half6 Desk_Computer_30x36x27_3 Model
		processing begun of multimaterial:  school.Multimaterial#16
		num positions      :  236
		num normals        :  236
		num uvs            :  472
		num uvs2           :  0
		num colors         :  0
		num indices        :  303
	processing begun of mesh:  Mesh200 G_6_12_step_1_3 Stair_Split_3__Open_Tread_6_12_1 Model
		num positions      :  49
		num normals        :  49
		num uvs            :  98
		num uvs2           :  0
		num colors         :  0
		num indices        :  60
	processing begun of mesh:  Mesh35 desk1 Desk_School1 Model
		num positions      :  180
		num normals        :  180
		num uvs            :  360
		num uvs2           :  0
		num colors         :  0
		num indices        :  204
	processing begun of mesh:  Mesh66 knob1 half_2_1 Chest_Tea1 Model
		num positions      :  31
		num normals        :  31
		num uvs            :  62
		num uvs2           :  0
		num colors         :  0
		num indices        :  36
	processing begun of mesh:  Mesh154 block_1_6 table_36inx36in2 TableSet_4_Chairs2 Model
		num positions      :  37
		num normals        :  37
		num uvs            :  74
		num uvs2           :  0
		num colors         :  0
		num indices        :  48
	processing begun of mesh:  Mesh174 Legs_1_13 chair_2_7 TableSet_4_Chairs2 Model
		num positions      :  380
		num normals        :  380
		num uvs            :  760
		num uvs2           :  0
		num colors         :  0
		num indices        :  432
	processing begun of mesh:  Mesh216 G_6_12_step_1_19 Stair_Split_3__Open_Tread_6_12_1 Model
		num positions      :  49
		num normals        :  49
		num uvs            :  98
		num uvs2           :  0
		num colors         :  0
		num indices        :  60
	processing begun of mesh:  Mesh124 table_36inx36in1 TableSet_4_Chairs1 Model
		num positions      :  253
		num normals        :  253
		num uvs            :  506
		num uvs2           :  0
		num colors         :  0
		num indices        :  324
	processing begun of mesh:  Mesh82 plasma_1_1 Model
		num positions      :  4
		num normals        :  4
		num uvs            :  8
		num uvs2           :  0
		num colors         :  0
		num indices        :  6
	processing begun of mesh:  Mesh105 half2_6 Deskset_Work_Station3 Model
		num positions      :  301
		num normals        :  301
		num uvs            :  602
		num uvs2           :  0
		num colors         :  0
		num indices        :  363
	processing begun of mesh:  Mesh178 Legs_1_14 chair_2_7 TableSet_4_Chairs2 Model
		num positions      :  285
		num normals        :  285
		num uvs            :  570
		num uvs2           :  0
		num colors         :  0
		num indices        :  324
	processing begun of mesh:  Mesh195 Shrub_2D_Juniper_Medora2 Model
		processing begun of multimaterial:  school.Multimaterial#17
		num positions      :  243
		num normals        :  243
		num uvs            :  486
		num uvs2           :  0
		num colors         :  0
		num indices        :  711
	processing begun of mesh:  Mesh149 Legs_1_8 chair_2_4 TableSet_4_Chairs1 Model
		num positions      :  72
		num normals        :  72
		num uvs            :  144
		num uvs2           :  0
		num colors         :  0
		num indices        :  84
	processing begun of mesh:  Mesh42 bar2 Desk_School1 Model
		num positions      :  4
		num normals        :  4
		num uvs            :  8
		num uvs2           :  0
		num colors         :  0
		num indices        :  6
	processing begun of mesh:  Mesh218 Stair_Split_3__Open_Tread_6_12_1 Model
		num positions      :  1048
		num normals        :  1048
		num uvs            :  2096
		num uvs2           :  0
		num colors         :  0
		num indices        :  1200
	processing begun of mesh:  Mesh228 Model
		num positions      :  4
		num normals        :  4
		num uvs            :  8
		num uvs2           :  0
		num colors         :  0
		num indices        :  6
	processing begun of mesh:  Mesh39 surfaces4 Desk_School1 Model
		num positions      :  89
		num normals        :  89
		num uvs            :  178
		num uvs2           :  0
		num colors         :  0
		num indices        :  102
	processing begun of mesh:  Mesh118 quarter4 Table_End1 Model
		num positions      :  32
		num normals        :  32
		num uvs            :  64
		num uvs2           :  0
		num colors         :  0
		num indices        :  36
	processing begun of mesh:  Mesh125 Legs_1_1 chair_2_1 TableSet_4_Chairs1 Model
		num positions      :  75
		num normals        :  75
		num uvs            :  150
		num uvs2           :  0
		num colors         :  0
		num indices        :  84
	processing begun of mesh:  Mesh226 Model
		num positions      :  3
		num normals        :  3
		num uvs            :  6
		num uvs2           :  0
		num colors         :  0
		num indices        :  3
	processing begun of mesh:  Mesh25 Group16 Deskset_Work_Station1 Model
		num positions      :  404
		num normals        :  404
		num uvs            :  808
		num uvs2           :  0
		num colors         :  0
		num indices        :  507
	processing begun of mesh:  Mesh88 Group17 Deskset_Work_Station2 Model
		num positions      :  74
		num normals        :  74
		num uvs            :  148
		num uvs2           :  0
		num colors         :  0
		num indices        :  84
	processing begun of mesh:  Mesh79 table_quarter_1_3 Table_Office_Racetrack_83in1 Model
		num positions      :  126
		num normals        :  126
		num uvs            :  252
		num uvs2           :  0
		num colors         :  0
		num indices        :  150
	processing begun of mesh:  Mesh214 G_6_12_step_1_17 Stair_Split_3__Open_Tread_6_12_1 Model
		num positions      :  49
		num normals        :  49
		num uvs            :  98
		num uvs2           :  0
		num colors         :  0
		num indices        :  60
	processing begun of mesh:  Mesh170 Legs_1_12 chair_2_6 TableSet_4_Chairs2 Model
		num positions      :  379
		num normals        :  379
		num uvs            :  758
		num uvs2           :  0
		num colors         :  0
		num indices        :  432
	processing begun of mesh:  Mesh100 Group18 Deskset_Work_Station3 Model
		num positions      :  73
		num normals        :  73
		num uvs            :  146
		num uvs2           :  0
		num colors         :  0
		num indices        :  84
	processing begun of mesh:  Mesh181 Legs_1_15 chair_2_8 TableSet_4_Chairs2 Model
		num positions      :  380
		num normals        :  380
		num uvs            :  760
		num uvs2           :  0
		num colors         :  0
		num indices        :  432
	processing begun of mesh:  Mesh208 G_6_12_step_1_11 Stair_Split_3__Open_Tread_6_12_1 Model
		num positions      :  49
		num normals        :  49
		num uvs            :  98
		num uvs2           :  0
		num colors         :  0
		num indices        :  60
	processing begun of mesh:  Mesh111 quarter1 Table_End1 Model
		num positions      :  20
		num normals        :  20
		num uvs            :  40
		num uvs2           :  0
		num colors         :  0
		num indices        :  24
	processing begun of mesh:  Mesh193 Shrub_2D_Juniper_Medora1 Model
		processing begun of multimaterial:  school.Multimaterial#18
		num positions      :  243
		num normals        :  243
		num uvs            :  486
		num uvs2           :  0
		num colors         :  0
		num indices        :  711
	processing begun of mesh:  Mesh64 Chair_Arm_Rectangular2 Model
		num positions      :  217
		num normals        :  217
		num uvs            :  434
		num uvs2           :  0
		num colors         :  0
		num indices        :  264
	processing begun of mesh:  Mesh190 plasma_3_1 Model
		num positions      :  4
		num normals        :  4
		num uvs            :  8
		num uvs2           :  0
		num colors         :  0
		num indices        :  6
	processing begun of mesh:  Mesh121 block_1_3 table_36inx36in1 TableSet_4_Chairs1 Model
		num positions      :  37
		num normals        :  37
		num uvs            :  74
		num uvs2           :  0
		num colors         :  0
		num indices        :  48
	processing begun of mesh:  Mesh5 Group3 Model
		num positions      :  299
		num normals        :  299
		num uvs            :  598
		num uvs2           :  0
		num colors         :  0
		num indices        :  330
	processing begun of mesh:  Mesh72 Keyboard Computer_Desktop_iMac1 Model
		processing begun of multimaterial:  school.Multimaterial#19
		num positions      :  47
		num normals        :  47
		num uvs            :  94
		num uvs2           :  0
		num colors         :  0
		num indices        :  60
	processing begun of mesh:  Mesh138 chair_2_2 TableSet_4_Chairs1 Model
		num positions      :  163
		num normals        :  163
		num uvs            :  326
		num uvs2           :  0
		num colors         :  0
		num indices        :  180
	processing begun of mesh:  Mesh130 Legs_1_2 chair_2_1 TableSet_4_Chairs1 Model
		num positions      :  282
		num normals        :  282
		num uvs            :  564
		num uvs2           :  0
		num colors         :  0
		num indices        :  324
	processing begun of mesh:  Mesh98 Group18 Deskset_Work_Station3 Model
		num positions      :  251
		num normals        :  251
		num uvs            :  502
		num uvs2           :  0
		num colors         :  0
		num indices        :  276
	processing begun of mesh:  Mesh227 Model
		num positions      :  3
		num normals        :  3
		num uvs            :  6
		num uvs2           :  0
		num colors         :  0
		num indices        :  3
	processing begun of mesh:  Mesh192 plasma_5_1 Model
		num positions      :  4
		num normals        :  4
		num uvs            :  8
		num uvs2           :  0
		num colors         :  0
		num indices        :  6
	processing begun of mesh:  Mesh109 Light_Desk_Traditional_Simple1 Table_End1 Model
		num positions      :  533
		num normals        :  533
		num uvs            :  1066
		num uvs2           :  0
		num colors         :  0
		num indices        :  648
	processing begun of mesh:  Mesh224 Model
		num positions      :  4
		num normals        :  4
		num uvs            :  8
		num uvs2           :  0
		num colors         :  0
		num indices        :  6
	processing begun of mesh:  Mesh141 Legs_1_5 chair_2_3 TableSet_4_Chairs1 Model
		num positions      :  284
		num normals        :  284
		num uvs            :  568
		num uvs2           :  0
		num colors         :  0
		num indices        :  324
	processing begun of mesh:  Mesh179 chair_2_7 TableSet_4_Chairs2 Model
		num positions      :  163
		num normals        :  163
		num uvs            :  326
		num uvs2           :  0
		num colors         :  0
		num indices        :  180
	processing begun of mesh:  Mesh137 Legs_1_4 chair_2_2 TableSet_4_Chairs1 Model
		num positions      :  284
		num normals        :  284
		num uvs            :  568
		num uvs2           :  0
		num colors         :  0
		num indices        :  324
	processing begun of mesh:  Mesh115 quarter3 Table_End1 Model
		num positions      :  19
		num normals        :  19
		num uvs            :  38
		num uvs2           :  0
		num colors         :  0
		num indices        :  24
	processing begun of mesh:  Mesh107 plasma1 Model
		processing begun of multimaterial:  school.Multimaterial#20
		num positions      :  60
		num normals        :  60
		num uvs            :  120
		num uvs2           :  0
		num colors         :  0
		num indices        :  78
	processing begun of mesh:  Mesh171 Legs_1_12 chair_2_6 TableSet_4_Chairs2 Model
		num positions      :  285
		num normals        :  285
		num uvs            :  570
		num uvs2           :  0
		num colors         :  0
		num indices        :  324
	processing begun of mesh:  Mesh201 G_6_12_step_1_4 Stair_Split_3__Open_Tread_6_12_1 Model
		num positions      :  49
		num normals        :  49
		num uvs            :  98
		num uvs2           :  0
		num colors         :  0
		num indices        :  60
	processing begun of mesh:  Mesh37 surfaces2 Desk_School1 Model
		num positions      :  87
		num normals        :  87
		num uvs            :  174
		num uvs2           :  0
		num colors         :  0
		num indices        :  102
	processing begun of mesh:  Mesh187 plasma_4_1 Model
		processing begun of multimaterial:  school.Multimaterial#21
		num positions      :  61
		num normals        :  61
		num uvs            :  122
		num uvs2           :  0
		num colors         :  0
		num indices        :  78
	processing begun of mesh:  Mesh68 half_2_1 Chest_Tea1 Model
		num positions      :  603
		num normals        :  603
		num uvs            :  1206
		num uvs2           :  0
		num colors         :  0
		num indices        :  774
	processing begun of mesh:  Mesh225 Model
		num positions      :  4
		num normals        :  4
		num uvs            :  8
		num uvs2           :  0
		num colors         :  0
		num indices        :  6
	processing begun of mesh:  Mesh215 G_6_12_step_1_18 Stair_Split_3__Open_Tread_6_12_1 Model
		num positions      :  49
		num normals        :  49
		num uvs            :  98
		num uvs2           :  0
		num colors         :  0
		num indices        :  60
	processing begun of mesh:  Mesh172 chair_2_6 TableSet_4_Chairs2 Model
		num positions      :  163
		num normals        :  163
		num uvs            :  326
		num uvs2           :  0
		num colors         :  0
		num indices        :  180
	processing begun of mesh:  Mesh229 Model
		num positions      :  4
		num normals        :  4
		num uvs            :  8
		num uvs2           :  0
		num colors         :  0
		num indices        :  6
	processing begun of mesh:  Mesh14 Group12 Model
		num positions      :  924
		num normals        :  924
		num uvs            :  1848
		num uvs2           :  0
		num colors         :  0
		num indices        :  1116
	processing begun of mesh:  Mesh17 Group15 Model
		num positions      :  290
		num normals        :  290
		num uvs            :  580
		num uvs2           :  0
		num colors         :  0
		num indices        :  438
	processing begun of mesh:  Mesh168 Legs_1_11 chair_2_6 TableSet_4_Chairs2 Model
		num positions      :  283
		num normals        :  283
		num uvs            :  566
		num uvs2           :  0
		num colors         :  0
		num indices        :  324
	processing begun of mesh:  Mesh28 half1 Deskset_Work_Station1 Model
		num positions      :  197
		num normals        :  197
		num uvs            :  394
		num uvs2           :  0
		num colors         :  0
		num indices        :  243
	processing begun of mesh:  Mesh122 block_1_4 table_36inx36in1 TableSet_4_Chairs1 Model
		num positions      :  37
		num normals        :  37
		num uvs            :  74
		num uvs2           :  0
		num colors         :  0
		num indices        :  48
	processing begun of mesh:  Mesh47 bar2_1 Desk_School1 Model
		num positions      :  8
		num normals        :  8
		num uvs            :  16
		num uvs2           :  0
		num colors         :  0
		num indices        :  18
	processing begun of mesh:  Mesh134 Legs_1_3 chair_2_2 TableSet_4_Chairs1 Model
		num positions      :  286
		num normals        :  286
		num uvs            :  572
		num uvs2           :  0
		num colors         :  0
		num indices        :  324
	processing begun of mesh:  Mesh153 block_1_5 table_36inx36in2 TableSet_4_Chairs2 Model
		num positions      :  37
		num normals        :  37
		num uvs            :  74
		num uvs2           :  0
		num colors         :  0
		num indices        :  48
	processing begun of mesh:  Mesh131 chair_2_1 TableSet_4_Chairs1 Model
		num positions      :  163
		num normals        :  163
		num uvs            :  326
		num uvs2           :  0
		num colors         :  0
		num indices        :  180
	processing begun of mesh:  Mesh75 half2_1_2 Monitor Computer_Desktop_iMac1 Model
		processing begun of multimaterial:  school.Multimaterial#22
		num positions      :  154
		num normals        :  154
		num uvs            :  308
		num uvs2           :  0
		num colors         :  0
		num indices        :  174
	processing begun of mesh:  Mesh4 Group2 Model
		num positions      :  4
		num normals        :  4
		num uvs            :  8
		num uvs2           :  0
		num colors         :  0
		num indices        :  6
	processing begun of mesh:  Mesh3 Group2 Model
		num positions      :  31
		num normals        :  31
		num uvs            :  62
		num uvs2           :  0
		num colors         :  0
		num indices        :  36
	processing begun of mesh:  Mesh94 Deskset_Work_Station2 Model
		num positions      :  157
		num normals        :  157
		num uvs            :  314
		num uvs2           :  0
		num colors         :  0
		num indices        :  192
	processing begun of mesh:  Mesh175 Legs_1_13 chair_2_7 TableSet_4_Chairs2 Model
		num positions      :  283
		num normals        :  283
		num uvs            :  566
		num uvs2           :  0
		num colors         :  0
		num indices        :  324
	processing begun of mesh:  Mesh160 Legs_1_9 chair_2_5 TableSet_4_Chairs2 Model
		num positions      :  382
		num normals        :  382
		num uvs            :  764
		num uvs2           :  0
		num colors         :  0
		num indices        :  432
	processing begun of mesh:  Mesh104 half2_5 Deskset_Work_Station3 Model
		num positions      :  304
		num normals        :  304
		num uvs            :  608
		num uvs2           :  0
		num colors         :  0
		num indices        :  363
	processing begun of mesh:  Mesh106 Deskset_Work_Station3 Model
		num positions      :  160
		num normals        :  160
		num uvs            :  320
		num uvs2           :  0
		num colors         :  0
		num indices        :  192
	processing begun of mesh:  Mesh63 Chair_Arm_Rectangular1 Model
		num positions      :  214
		num normals        :  214
		num uvs            :  428
		num uvs2           :  0
		num colors         :  0
		num indices        :  264
	processing begun of mesh:  Mesh76 half_3_2 Monitor Computer_Desktop_iMac1 Model
		num positions      :  88
		num normals        :  88
		num uvs            :  176
		num uvs2           :  0
		num colors         :  0
		num indices        :  102
	processing begun of mesh:  Mesh209 G_6_12_step_1_12 Stair_Split_3__Open_Tread_6_12_1 Model
		num positions      :  49
		num normals        :  49
		num uvs            :  98
		num uvs2           :  0
		num colors         :  0
		num indices        :  60
	processing begun of mesh:  Mesh150 Legs_1_8 chair_2_4 TableSet_4_Chairs1 Model
		num positions      :  376
		num normals        :  376
		num uvs            :  752
		num uvs2           :  0
		num colors         :  0
		num indices        :  432
	processing begun of mesh:  Mesh182 Legs_1_15 chair_2_8 TableSet_4_Chairs2 Model
		num positions      :  284
		num normals        :  284
		num uvs            :  568
		num uvs2           :  0
		num colors         :  0
		num indices        :  324
	processing begun of mesh:  Mesh196 Chair_Arm_Rectangular5 Model
		num positions      :  218
		num normals        :  218
		num uvs            :  436
		num uvs2           :  0
		num colors         :  0
		num indices        :  261
	processing begun of mesh:  Mesh203 G_6_12_step_1_6 Stair_Split_3__Open_Tread_6_12_1 Model
		num positions      :  49
		num normals        :  49
		num uvs            :  98
		num uvs2           :  0
		num colors         :  0
		num indices        :  60
	processing begun of mesh:  Mesh33 back1 Desk_School1 Model
		num positions      :  39
		num normals        :  39
		num uvs            :  78
		num uvs2           :  0
		num colors         :  0
		num indices        :  42
	processing begun of mesh:  Mesh74 half2_1_1 Monitor Computer_Desktop_iMac1 Model
		processing begun of multimaterial:  school.Multimaterial#23
		num positions      :  155
		num normals        :  155
		num uvs            :  310
		num uvs2           :  0
		num colors         :  0
		num indices        :  174
	processing begun of mesh:  Mesh135 Legs_1_4 chair_2_2 TableSet_4_Chairs1 Model
		num positions      :  72
		num normals        :  72
		num uvs            :  144
		num uvs2           :  0
		num colors         :  0
		num indices        :  84
	processing begun of mesh:  Mesh78 table_quarter_1_2 Table_Office_Racetrack_83in1 Model
		num positions      :  131
		num normals        :  131
		num uvs            :  262
		num uvs2           :  0
		num colors         :  0
		num indices        :  150
	processing begun of mesh:  Mesh146 Legs_1_7 chair_2_4 TableSet_4_Chairs1 Model
		num positions      :  75
		num normals        :  75
		num uvs            :  150
		num uvs2           :  0
		num colors         :  0
		num indices        :  84
	processing begun of mesh:  Mesh222 Model
		processing begun of multimaterial:  school.Multimaterial#24
		num positions      :  12708
		num normals        :  12708
		num uvs            :  25416
		num uvs2           :  0
		num colors         :  0
		num indices        :  39264
	processing begun of mesh:  Mesh13 Group11 Model
		num positions      :  669
		num normals        :  669
		num uvs            :  1338
		num uvs2           :  0
		num colors         :  0
		num indices        :  840
	processing begun of mesh:  Mesh126 Legs_1_1 chair_2_1 TableSet_4_Chairs1 Model
		num positions      :  381
		num normals        :  381
		num uvs            :  762
		num uvs2           :  0
		num colors         :  0
		num indices        :  432
	processing begun of mesh:  Mesh65 Chair_Arm_Rectangular3 Model
		num positions      :  220
		num normals        :  220
		num uvs            :  440
		num uvs2           :  0
		num colors         :  0
		num indices        :  264
	processing begun of mesh:  Mesh50 back3 Desk_School1 Model
		num positions      :  40
		num normals        :  40
		num uvs            :  80
		num uvs2           :  0
		num colors         :  0
		num indices        :  42
	processing begun of light (HEMI):  Hemi
========= Writing of scene file started =========
========= Writing of scene file completed =========
========= end of processing =========
